[+] Containers:
 |- [+] Container: /Game/FirstPerson/Maps/FirstPersonMap
 |   |- [+] ActorDescs:
 |   |   |- Guid:014139064B272AE31FF877B819CB5734 BaseClass: NativeClass:/Script/Engine.StaticMeshActor Name:StaticMeshActor_8 Label:SM_ChamferCube3 SpatiallyLoaded:1 Bounds:IsValid=true, Min=(X=173.003 Y=2361.112 Z=0.063), Max=(X=377.907 Y=2566.016 Z=150.063) RuntimeGrid:None EditorOnly:0 RuntimeOnly:0 HLODRelevant:0 FolderPath:SimulatedCubes FolderGuid:9AEEADCB4DC6C647D6E7C0B4EDA1744F
 |   |   |- Guid:0EDB289B45CB7E0977A6DBA74201EE76 BaseClass: NativeClass:/Script/Engine.StaticMeshActor Name:StaticMeshActor_10 Label:SM_Cube6 SpatiallyLoaded:1 Bounds:IsValid=true, Min=(X=3380.000 Y=0.000 Z=0.000), Max=(X=3480.000 Y=5000.000 Z=400.000) RuntimeGrid:None EditorOnly:0 RuntimeOnly:0 HLODRelevant:1 FolderPath:Playground FolderGuid:6C02BB504B69D1F3D7A624B130C18E5B
 |   |   |- Guid:173E9FDF44F8B93D67D4C5B040E4921D BaseClass: NativeClass:/Script/Engine.StaticMeshActor Name:StaticMeshActor_UAID_0068EBB8488D88D301_1947262957 Label:SM_ChamferCube24 SpatiallyLoaded:1 Bounds:IsValid=true, Min=(X=656.160 Y=2406.174 Z=200.013), Max=(X=756.160 Y=2506.174 Z=300.013) RuntimeGrid:None EditorOnly:0 RuntimeOnly:0 HLODRelevant:0 FolderPath:SimulatedCubes FolderGuid:9AEEADCB4DC6C647D6E7C0B4EDA1744F
 |   |   |- Guid:17D5E26E448FDA8CD97547A95AD1DE59 BaseClass: NativeClass:/Script/Engine.StaticMeshActor Name:StaticMeshActor_UAID_0068EBB8488D88D301_1609664949 Label:SM_Ramp5 SpatiallyLoaded:1 Bounds:IsValid=true, Min=(X=3100.000 Y=2300.000 Z=200.000), Max=(X=3300.000 Y=2500.000 Z=300.000) RuntimeGrid:None EditorOnly:0 RuntimeOnly:0 HLODRelevant:1
 |   |   |- Guid:1F3B11EC41FF80CD9749508EEEC92340 BaseClass: NativeClass:/Script/Engine.StaticMeshActor Name:StaticMeshActor_UAID_0068EBB8488D87D301_1285736747 Label:SM_Ramp2 SpatiallyLoaded:1 Bounds:IsValid=true, Min=(X=2600.000 Y=2300.000 Z=200.000), Max=(X=2800.000 Y=2500.000 Z=300.000) RuntimeGrid:None EditorOnly:0 RuntimeOnly:0 HLODRelevant:1
 |   |   |- Guid:21262252453B37957EF29F82ABA2413B BaseClass: NativeClass:/Script/Engine.TextRenderActor Name:TextRenderActor_1 Label:TextRenderActor SpatiallyLoaded:1 Bounds:IsValid=true, Min=(X=-0.100 Y=1100.000 Z=65.013), Max=(X=-0.100 Y=2363.461 Z=215.013) RuntimeGrid:None EditorOnly:0 RuntimeOnly:0 HLODRelevant:0
 |   |   |- Guid:21F09ADB4FBBB4A8722234953DD38636 BaseClass: NativeClass:/Script/Engine.StaticMeshActor Name:StaticMeshActor_UAID_0068EBB8488D88D301_1958538962 Label:SM_ChamferCube29 SpatiallyLoaded:1 Bounds:IsValid=true, Min=(X=224.877 Y=2405.175 Z=150.013), Max=(X=361.480 Y=2541.777 Z=250.013) RuntimeGrid:None EditorOnly:0 RuntimeOnly:0 HLODRelevant:0 FolderPath:SimulatedCubes FolderGuid:9AEEADCB4DC6C647D6E7C0B4EDA1744F
 |   |   |- Guid:2634CAA34CB80CB9F381F9893F67405B BaseClass: NativeClass:/Script/Engine.StaticMeshActor Name:StaticMeshActor_UAID_0068EBB8488D88D301_1919864956 Label:SM_ChamferCube23 SpatiallyLoaded:1 Bounds:IsValid=true, Min=(X=538.237 Y=2398.251 Z=100.013), Max=(X=654.083 Y=2514.096 Z=200.013) RuntimeGrid:None EditorOnly:0 RuntimeOnly:0 HLODRelevant:0 FolderPath:SimulatedCubes FolderGuid:9AEEADCB4DC6C647D6E7C0B4EDA1744F
 |   |   |- Guid:267E0B1D414E4EEF39344AA660BD8AA6 BaseClass: NativeClass:/Script/Engine.StaticMeshActor Name:StaticMeshActor_UAID_0068EBB8488D88D301_1983570964 Label:SM_Cube26 SpatiallyLoaded:1 Bounds:IsValid=true, Min=(X=1022.331 Y=2103.473 Z=200.000), Max=(X=1236.658 Y=2236.683 Z=300.000) RuntimeGrid:None EditorOnly:0 RuntimeOnly:0 HLODRelevant:1
 |   |   |- Guid:2A78EF094E089635A07B30AB9A046A81 BaseClass: NativeClass:/Script/Engine.StaticMeshActor Name:StaticMeshActor_47 Label:SM_ChamferCube13 SpatiallyLoaded:1 Bounds:IsValid=true, Min=(X=656.160 Y=2406.174 Z=100.013), Max=(X=756.160 Y=2506.174 Z=200.013) RuntimeGrid:None EditorOnly:0 RuntimeOnly:0 HLODRelevant:0 FolderPath:SimulatedCubes FolderGuid:9AEEADCB4DC6C647D6E7C0B4EDA1744F
 |   |   |- Guid:37AF8EA942030060453EB28FD81C542A BaseClass: NativeClass:/Script/Engine.StaticMeshActor Name:StaticMeshActor_UAID_0068EBB8488D88D301_1370432944 Label:SM_Cube20 SpatiallyLoaded:1 Bounds:IsValid=true, Min=(X=2914.611 Y=3062.899 Z=300.000), Max=(X=3076.985 Y=3285.040 Z=400.000) RuntimeGrid:None EditorOnly:0 RuntimeOnly:0 HLODRelevant:1
 |   |   |- Guid:3E47B5F64FE5FFD76E56D4A560787DFF BaseClass: NativeClass:/Script/Engine.StaticMeshActor Name:StaticMeshActor_UAID_0068EBB8488D88D301_1246353941 Label:SM_Cube17 SpatiallyLoaded:1 Bounds:IsValid=true, Min=(X=2600.000 Y=1500.000 Z=200.000), Max=(X=2700.000 Y=1800.000 Z=400.000) RuntimeGrid:None EditorOnly:0 RuntimeOnly:0 HLODRelevant:1
 |   |   |- Guid:489C1C494E96ABA9831D139CE5F2C7B4 BaseClass: NativeClass:/Script/Engine.StaticMeshActor Name:StaticMeshActor_UAID_0068EBB8488D86D301_1740303565 Label:SM_Cube11 SpatiallyLoaded:1 Bounds:IsValid=true, Min=(X=800.000 Y=1300.000 Z=0.000), Max=(X=1600.000 Y=2500.000 Z=200.000) RuntimeGrid:None EditorOnly:0 RuntimeOnly:0 HLODRelevant:1
 |   |   |- Guid:4AE118624F9363B39ECAEB94FFD411A4 BaseClass: NativeClass:/Script/Engine.StaticMeshActor Name:StaticMeshActor_UAID_0068EBB8488D88D301_1679475952 Label:SM_Cube23 SpatiallyLoaded:1 Bounds:IsValid=true, Min=(X=800.000 Y=2500.000 Z=0.000), Max=(X=900.000 Y=3925.000 Z=300.000) RuntimeGrid:None EditorOnly:0 RuntimeOnly:0 HLODRelevant:1
 |   |   |- Guid:503301344EDD2580C9B8269BA1FF0C83 BaseClass: NativeClass:/Script/Engine.StaticMeshActor Name:StaticMeshActor_29 Label:SM_ChamferCube4 SpatiallyLoaded:1 Bounds:IsValid=true, Min=(X=78.927 Y=2248.973 Z=0.063), Max=(X=271.184 Y=2441.230 Z=150.063) RuntimeGrid:None EditorOnly:0 RuntimeOnly:0 HLODRelevant:0 FolderPath:SimulatedCubes FolderGuid:9AEEADCB4DC6C647D6E7C0B4EDA1744F
 |   |   |- Guid:5314D4D94999CDC70D7B7C8070152023 BaseClass: NativeClass:/Script/Engine.StaticMeshActor Name:StaticMeshActor_UAID_0068EBB8488D88D301_1714433953 Label:SM_Ramp6 SpatiallyLoaded:1 Bounds:IsValid=true, Min=(X=2200.000 Y=4500.000 Z=0.000), Max=(X=2500.000 Y=4900.000 Z=200.000) RuntimeGrid:None EditorOnly:0 RuntimeOnly:0 HLODRelevant:1
 |   |   |- Guid:55E5602C474D2F5180A4899819C3EEAF BaseClass: NativeClass:/Script/Engine.StaticMeshActor Name:StaticMeshActor_UAID_0068EBB8488D88D301_1570790946 Label:SM_ChamferCube22 SpatiallyLoaded:1 Bounds:IsValid=true, Min=(X=1215.727 Y=1554.246 Z=190.013), Max=(X=1352.330 Y=1690.848 Z=290.013) RuntimeGrid:None EditorOnly:0 RuntimeOnly:0 HLODRelevant:0 FolderPath:SimulatedCubes FolderGuid:9AEEADCB4DC6C647D6E7C0B4EDA1744F
 |   |   |- Guid:573177074D0ADB4DA9A357AE2A5CADA8 BaseClass: NativeClass:/Script/Engine.StaticMeshActor Name:StaticMeshActor_49 Label:SM_ChamferCube14 SpatiallyLoaded:1 Bounds:IsValid=true, Min=(X=2480.411 Y=2302.371 Z=0.013), Max=(X=2580.411 Y=2402.371 Z=100.013) RuntimeGrid:None EditorOnly:0 RuntimeOnly:0 HLODRelevant:0 FolderPath:SimulatedCubes FolderGuid:9AEEADCB4DC6C647D6E7C0B4EDA1744F
 |   |   |- Guid:5ED808DB484EADED8D1902BAF9434FF6 BaseClass: NativeClass:/Script/Engine.StaticMeshActor Name:StaticMeshActor_UAID_0068EBB8488D88D301_1866672955 Label:SM_Cube25 SpatiallyLoaded:1 Bounds:IsValid=true, Min=(X=600.000 Y=3600.000 Z=0.000), Max=(X=800.000 Y=3800.000 Z=200.000) RuntimeGrid:None EditorOnly:0 RuntimeOnly:0 HLODRelevant:1
 |   |   |- Guid:61391D344900612A77DFC3BA3E354907 BaseClass: NativeClass:/Script/Engine.ExponentialHeightFog Name:ExponentialHeightFog_0 Label:ExponentialHeightFog SpatiallyLoaded:0 Bounds:IsValid=true, Min=(X=-5600.000 Y=-50.000 Z=-6850.000), Max=(X=-5600.000 Y=-50.000 Z=-6850.000) RuntimeGrid:None EditorOnly:0 RuntimeOnly:0 HLODRelevant:0 FolderPath:Lighting FolderGuid:0BA5F0A04EADB18E70D5B180D08FA34B
 |   |   |- Guid:67F8816740943E5FF4C249AAE9DD2BF9 BaseClass: NativeClass:/Script/Engine.StaticMeshActor Name:StaticMeshActor_UAID_0068EBB8488D87D301_2104916759 Label:SM_Cube10 SpatiallyLoaded:1 Bounds:IsValid=true, Min=(X=2690.000 Y=350.000 Z=200.000), Max=(X=3390.000 Y=400.000 Z=300.000) RuntimeGrid:None EditorOnly:0 RuntimeOnly:0 HLODRelevant:1
 |   |   |- Guid:6B9F7C52434CCF99C7551893412C2C21 BaseClass: NativeClass:/Script/Engine.StaticMeshActor Name:StaticMeshActor_51 Label:SM_ChamferCube16 SpatiallyLoaded:1 Bounds:IsValid=true, Min=(X=2652.565 Y=1862.730 Z=200.013), Max=(X=2789.168 Y=1999.332 Z=300.013) RuntimeGrid:None EditorOnly:0 RuntimeOnly:0 HLODRelevant:0 FolderPath:SimulatedCubes FolderGuid:9AEEADCB4DC6C647D6E7C0B4EDA1744F
 |   |   |- Guid:6FEFB3BD4EB37B849EF0D4AC80F83855 BaseClass: NativeClass:/Script/Engine.WorldDataLayers Name:WorldDataLayers Label:WorldDataLayers SpatiallyLoaded:0 Bounds:IsValid=true, Min=(X=0.000 Y=0.000 Z=0.000), Max=(X=0.000 Y=0.000 Z=0.000) RuntimeGrid:None EditorOnly:0 RuntimeOnly:0 HLODRelevant:0
 |   |   |- Guid:760CCEF54C6EEC265C2B72BEDEA73DCF BaseClass: NativeClass:/Script/Engine.StaticMeshActor Name:StaticMeshActor_UAID_0068EBB8488D87D301_1803226752 Label:SM_Cube4 SpatiallyLoaded:1 Bounds:IsValid=true, Min=(X=2900.000 Y=2000.000 Z=200.000), Max=(X=3100.000 Y=2100.000 Z=350.000) RuntimeGrid:None EditorOnly:0 RuntimeOnly:0 HLODRelevant:1
 |   |   |- Guid:764666EF4316C7851F06859A678454F2 BaseClass: NativeClass:/Script/Engine.StaticMeshActor Name:StaticMeshActor_46 Label:SM_ChamferCube12 SpatiallyLoaded:1 Bounds:IsValid=true, Min=(X=596.160 Y=2406.174 Z=0.013), Max=(X=696.160 Y=2506.174 Z=100.013) RuntimeGrid:None EditorOnly:0 RuntimeOnly:0 HLODRelevant:0 FolderPath:SimulatedCubes FolderGuid:9AEEADCB4DC6C647D6E7C0B4EDA1744F
 |   |   |- Guid:78CAF7514C7533F30BD2F19A017AAB65 BaseClass: NativeClass:/Script/Engine.StaticMeshActor Name:StaticMeshActor_0 Label:SM_Cube SpatiallyLoaded:1 Bounds:IsValid=true, Min=(X=0.000 Y=0.000 Z=-50.000), Max=(X=3500.000 Y=5000.000 Z=0.000) RuntimeGrid:None EditorOnly:0 RuntimeOnly:0 HLODRelevant:1 FolderPath:Playground FolderGuid:6C02BB504B69D1F3D7A624B130C18E5B
 |   |   |- Guid:7DCFF2144714F0843D87428AC48CE4F4 BaseClass: NativeClass:/Script/Engine.StaticMeshActor Name:StaticMeshActor_24 Label:SM_ChamferCube17 SpatiallyLoaded:1 Bounds:IsValid=true, Min=(X=1236.002 Y=983.448 Z=0.013), Max=(X=1372.605 Y=1120.051 Z=100.013) RuntimeGrid:None EditorOnly:0 RuntimeOnly:0 HLODRelevant:0 FolderPath:SimulatedCubes FolderGuid:9AEEADCB4DC6C647D6E7C0B4EDA1744F
 |   |   |- Guid:7DE528D947D5D231819C95AED01C6F44 BaseClass: NativeClass:/Script/Engine.StaticMeshActor Name:StaticMeshActor_UAID_0068EBB8488D88D301_1570792948 Label:SM_ChamferCube6 SpatiallyLoaded:1 Bounds:IsValid=true, Min=(X=1116.134 Y=1496.746 Z=190.013), Max=(X=1252.737 Y=1633.348 Z=290.013) RuntimeGrid:None EditorOnly:0 RuntimeOnly:0 HLODRelevant:0 FolderPath:SimulatedCubes FolderGuid:9AEEADCB4DC6C647D6E7C0B4EDA1744F
 |   |   |- Guid:8559D1384B14F466E8927697A36C1D78 BaseClass: NativeClass:/Script/Engine.StaticMeshActor Name:StaticMeshActor_9 Label:SM_Cube5 SpatiallyLoaded:1 Bounds:IsValid=true, Min=(X=-0.000 Y=0.000 Z=0.000), Max=(X=100.000 Y=5000.000 Z=400.000) RuntimeGrid:None EditorOnly:0 RuntimeOnly:0 HLODRelevant:1 FolderPath:Playground FolderGuid:6C02BB504B69D1F3D7A624B130C18E5B
 |   |   |- Guid:85A1F4F441333DB1891263A92C07DF2D BaseClass: NativeClass:/Script/Engine.StaticMeshActor Name:StaticMeshActor_UAID_0068EBB8488D88D301_1799952954 Label:SM_Cube24 SpatiallyLoaded:1 Bounds:IsValid=true, Min=(X=2900.000 Y=4300.000 Z=200.000), Max=(X=3200.000 Y=4400.000 Z=300.000) RuntimeGrid:None EditorOnly:0 RuntimeOnly:0 HLODRelevant:1
 |   |   |- Guid:8E9EA0F84D0FC901D6ABCF911C08AEE3 BaseClass: NativeClass:/Script/Engine.StaticMeshActor Name:StaticMeshActor_50 Label:SM_ChamferCube15 SpatiallyLoaded:1 Bounds:IsValid=true, Min=(X=2480.411 Y=2187.371 Z=0.013), Max=(X=2580.411 Y=2287.371 Z=100.013) RuntimeGrid:None EditorOnly:0 RuntimeOnly:0 HLODRelevant:0 FolderPath:SimulatedCubes FolderGuid:9AEEADCB4DC6C647D6E7C0B4EDA1744F
 |   |   |- Guid:90B7B8D3420C2EABA931D3A6A69DF696 BaseClass: NativeClass:/Script/Engine.StaticMeshActor Name:StaticMeshActor_3 Label:SM_Cube2 SpatiallyLoaded:1 Bounds:IsValid=true, Min=(X=0.000 Y=0.000 Z=0.000), Max=(X=3500.000 Y=100.000 Z=400.000) RuntimeGrid:None EditorOnly:0 RuntimeOnly:0 HLODRelevant:1 FolderPath:Playground FolderGuid:6C02BB504B69D1F3D7A624B130C18E5B
 |   |   |- Guid:9576C20447C7F4B1E0B3E2A05F8BE98E BaseClass: NativeClass:/Script/Engine.StaticMeshActor Name:StaticMeshActor_UAID_0068EBB8488D87D301_1646798750 Label:SM_Cube15 SpatiallyLoaded:1 Bounds:IsValid=true, Min=(X=1690.000 Y=580.000 Z=0.000), Max=(X=2190.000 Y=855.000 Z=200.000) RuntimeGrid:None EditorOnly:0 RuntimeOnly:0 HLODRelevant:1
 |   |   |- Guid:9788705E43ECC76C87D762AAE00CEC75 BaseClass: NativeClass:/Script/Engine.StaticMeshActor Name:StaticMeshActor_UAID_0068EBB8488D88D301_1958538961 Label:SM_ChamferCube28 SpatiallyLoaded:1 Bounds:IsValid=true, Min=(X=125.727 Y=2371.768 Z=150.013), Max=(X=253.898 Y=2499.939 Z=250.013) RuntimeGrid:None EditorOnly:0 RuntimeOnly:0 HLODRelevant:0 FolderPath:SimulatedCubes FolderGuid:9AEEADCB4DC6C647D6E7C0B4EDA1744F
 |   |   |- Guid:9F0BF09149CE7066A4B140B4C0FDB7C4 BaseClass: NativeClass:/Script/Engine.StaticMeshActor Name:StaticMeshActor_UAID_0068EBB8488D88D301_1190227939 Label:SM_ChamferCube20 SpatiallyLoaded:1 Bounds:IsValid=true, Min=(X=426.160 Y=2406.174 Z=100.013), Max=(X=526.160 Y=2506.174 Z=200.013) RuntimeGrid:None EditorOnly:0 RuntimeOnly:0 HLODRelevant:0 FolderPath:SimulatedCubes FolderGuid:9AEEADCB4DC6C647D6E7C0B4EDA1744F
 |   |   |- Guid:A1D387984533614047BE5F9CCCD5FA33 BaseClass: NativeClass:/Script/Engine.StaticMeshActor Name:StaticMeshActor_UAID_0068EBB8488D87D301_1857672754 Label:SM_Ramp4 SpatiallyLoaded:1 Bounds:IsValid=true, Min=(X=2300.000 Y=1300.000 Z=0.000), Max=(X=2600.000 Y=1500.000 Z=200.000) RuntimeGrid:None EditorOnly:0 RuntimeOnly:0 HLODRelevant:1
 |   |   |- Guid:A354B1B24E617A525DC6B48CCDE2417E BaseClass: NativeClass:/Script/Engine.PlayerStart Name:PlayerStart_0 Label:PlayerStart SpatiallyLoaded:0 Bounds:IsValid=true, Min=(X=860.000 Y=810.000 Z=0.013), Max=(X=940.000 Y=890.000 Z=184.013) RuntimeGrid:None EditorOnly:0 RuntimeOnly:0 HLODRelevant:0
 |   |   |- Guid:A4A6ACE14D04C35215160F8698C06EC9 BaseClass: NativeClass:/Script/Engine.StaticMeshActor Name:StaticMeshActor_UAID_0068EBB8488D87D301_1306390748 Label:SM_Ramp3 SpatiallyLoaded:1 Bounds:IsValid=true, Min=(X=1400.000 Y=2300.000 Z=200.000), Max=(X=1600.000 Y=2500.000 Z=300.000) RuntimeGrid:None EditorOnly:0 RuntimeOnly:0 HLODRelevant:1
 |   |   |- Guid:B0E2601D475F9D5A62BD599BDCDC7BA6 BaseClass: NativeClass:/Script/Engine.StaticMeshActor Name:StaticMeshActor_UAID_0068EBB8488D88D301_1128826937 Label:SM_Cube16 SpatiallyLoaded:1 Bounds:IsValid=true, Min=(X=800.000 Y=1300.000 Z=200.000), Max=(X=900.000 Y=2500.000 Z=400.000) RuntimeGrid:None EditorOnly:0 RuntimeOnly:0 HLODRelevant:1
 |   |   |- Guid:B2880DFC4FD4038F05310A9A808AC16D BaseClass: NativeClass:/Script/Engine.StaticMeshActor Name:StaticMeshActor_UAID_0068EBB8488D88D301_1284826942 Label:SM_Cube18 SpatiallyLoaded:1 Bounds:IsValid=true, Min=(X=1500.000 Y=1700.000 Z=200.000), Max=(X=1600.000 Y=2000.000 Z=300.000) RuntimeGrid:None EditorOnly:0 RuntimeOnly:0 HLODRelevant:1
 |   |   |- Guid:B74EF07E46A88A7D2EDB988A67BF2B39 BaseClass: NativeClass:/Script/Engine.StaticMeshActor Name:StaticMeshActor_UAID_0068EBB8488D88D301_1190228940 Label:SM_ChamferCube21 SpatiallyLoaded:1 Bounds:IsValid=true, Min=(X=376.160 Y=2406.174 Z=0.013), Max=(X=476.160 Y=2506.174 Z=100.013) RuntimeGrid:None EditorOnly:0 RuntimeOnly:0 HLODRelevant:0 FolderPath:SimulatedCubes FolderGuid:9AEEADCB4DC6C647D6E7C0B4EDA1744F
 |   |   |- Guid:BC9B98504B3A4D80437517BA97175A99 BaseClass: NativeClass:/Script/Engine.StaticMeshActor Name:StaticMeshActor_UAID_0068EBB8488D88D301_1947263958 Label:SM_ChamferCube25 SpatiallyLoaded:1 Bounds:IsValid=true, Min=(X=436.160 Y=2406.174 Z=200.013), Max=(X=536.160 Y=2506.174 Z=300.013) RuntimeGrid:None EditorOnly:0 RuntimeOnly:0 HLODRelevant:0 FolderPath:SimulatedCubes FolderGuid:9AEEADCB4DC6C647D6E7C0B4EDA1744F
 |   |   |- Guid:C0C56B9644AE3D40CAFF6A878DB29844 BaseClass: NativeClass:/Script/Engine.StaticMeshActor Name:StaticMeshActor_UAID_A4AE111137DC5EFB00_2001720423 Label:SM_SkySphere SpatiallyLoaded:0 Bounds:IsValid=true, Min=(X=-1638400.000 Y=-1638400.000 Z=-1638400.000), Max=(X=1638400.000 Y=1638400.000 Z=1638400.000) RuntimeGrid:None EditorOnly:0 RuntimeOnly:0 HLODRelevant:1 FolderPath:Lighting FolderGuid:0BA5F0A04EADB18E70D5B180D08FA34B
 |   |   |- Guid:C117FA174619BA31925958A7B6340459 BaseClass: NativeClass:/Script/Engine.StaticMeshActor Name:StaticMeshActor_UAID_0068EBB8488D88D301_1190225938 Label:SM_ChamferCube19 SpatiallyLoaded:1 Bounds:IsValid=true, Min=(X=491.160 Y=2406.174 Z=0.013), Max=(X=591.160 Y=2506.174 Z=100.013) RuntimeGrid:None EditorOnly:0 RuntimeOnly:0 HLODRelevant:0 FolderPath:SimulatedCubes FolderGuid:9AEEADCB4DC6C647D6E7C0B4EDA1744F
 |   |   |- Guid:C19721EE48718D3B6D9CE88359C07C42 BaseClass: NativeClass:/Script/Engine.StaticMeshActor Name:StaticMeshActor_UAID_0068EBB8488D88D301_1438114945 Label:SM_Cube21 SpatiallyLoaded:1 Bounds:IsValid=true, Min=(X=2500.000 Y=3700.000 Z=0.000), Max=(X=3400.000 Y=4900.000 Z=200.000) RuntimeGrid:None EditorOnly:0 RuntimeOnly:0 HLODRelevant:1
 |   |   |- Guid:C431268849799DBC01C37A8A6B6C0D32 BaseClass: NativeClass:/Script/Engine.StaticMeshActor Name:StaticMeshActor_UAID_0068EBB8488D87D301_1748963751 Label:SM_Cube12 SpatiallyLoaded:1 Bounds:IsValid=true, Min=(X=2600.000 Y=1300.000 Z=0.000), Max=(X=3400.000 Y=2500.000 Z=200.000) RuntimeGrid:None EditorOnly:0 RuntimeOnly:0 HLODRelevant:1
 |   |   |- Guid:C6AACA3E4DF1A640A3EB8097CF72A219 BaseClass: NativeClass:/Script/Engine.StaticMeshActor Name:StaticMeshActor_UAID_0068EBB8488D88D301_1655044951 Label:SM_Cube22 SpatiallyLoaded:1 Bounds:IsValid=true, Min=(X=1420.000 Y=3900.000 Z=-40.000), Max=(X=1720.000 Y=4200.000 Z=260.000) RuntimeGrid:None EditorOnly:0 RuntimeOnly:0 HLODRelevant:1
 |   |   |- Guid:C94F1BE342A4B7B1A82CB989E34573ED BaseClass: NativeClass:/Script/Engine.StaticMeshActor Name:StaticMeshActor_UAID_0068EBB8488D87D301_2046127757 Label:SM_Cube9 SpatiallyLoaded:1 Bounds:IsValid=true, Min=(X=2690.000 Y=100.000 Z=0.000), Max=(X=3390.000 Y=400.000 Z=200.000) RuntimeGrid:None EditorOnly:0 RuntimeOnly:0 HLODRelevant:1
 |   |   |- Guid:CE8D82634660FCDB3120E2B8D547C533 BaseClass: NativeClass:/Script/Engine.PostProcessVolume Name:PostProcessVolume_0 Label:PostProcessVolume SpatiallyLoaded:0 Bounds:IsValid=true, Min=(X=0.000 Y=0.000 Z=400.000), Max=(X=200.000 Y=200.000 Z=600.000) RuntimeGrid:None EditorOnly:0 RuntimeOnly:0 HLODRelevant:0 FolderPath:Lighting FolderGuid:0BA5F0A04EADB18E70D5B180D08FA34B
 |   |   |- Guid:D19EA0CF44B92D6DD28E308D32DBCB94 BaseClass: NativeClass:/Script/Engine.StaticMeshActor Name:StaticMeshActor_UAID_0068EBB8488D88D301_1973924963 Label:SM_ChamferCube30 SpatiallyLoaded:1 Bounds:IsValid=true, Min=(X=224.877 Y=2405.175 Z=250.013), Max=(X=361.480 Y=2541.777 Z=350.013) RuntimeGrid:None EditorOnly:0 RuntimeOnly:0 HLODRelevant:0 FolderPath:SimulatedCubes FolderGuid:9AEEADCB4DC6C647D6E7C0B4EDA1744F
 |   |   |- Guid:D2F8A89B48D40EB1D2FB92BAF42BAF96 BaseClass: NativeClass:/Script/Engine.StaticMeshActor Name:StaticMeshActor_UAID_0068EBB8488D87D301_1323896749 Label:SM_Cube7 SpatiallyLoaded:1 Bounds:IsValid=true, Min=(X=1600.000 Y=2300.000 Z=250.000), Max=(X=2600.000 Y=2500.000 Z=300.000) RuntimeGrid:None EditorOnly:0 RuntimeOnly:0 HLODRelevant:1
 |   |   |- Guid:D44940D943955A5965276FBBEA044017 BaseClass: NativeClass:/Script/Engine.StaticMeshActor Name:StaticMeshActor_20 Label:SM_ChamferCube2 SpatiallyLoaded:1 Bounds:IsValid=true, Min=(X=1136.410 Y=925.948 Z=0.013), Max=(X=1273.012 Y=1062.551 Z=100.013) RuntimeGrid:None EditorOnly:0 RuntimeOnly:0 HLODRelevant:0 FolderPath:SimulatedCubes FolderGuid:9AEEADCB4DC6C647D6E7C0B4EDA1744F
 |   |   |- Guid:D65CE26D4543AB64D3E1CE82A79B39D9 BaseClass: NativeClass:/Script/Engine.StaticMeshActor Name:StaticMeshActor_45 Label:SM_ChamferCube11 SpatiallyLoaded:1 Bounds:IsValid=true, Min=(X=711.160 Y=2406.174 Z=0.013), Max=(X=811.160 Y=2506.174 Z=100.013) RuntimeGrid:None EditorOnly:0 RuntimeOnly:0 HLODRelevant:0 FolderPath:SimulatedCubes FolderGuid:9AEEADCB4DC6C647D6E7C0B4EDA1744F
 |   |   |- Guid:D8C103AB4F43792289E7348895477044 BaseClass: NativeClass:/Script/Engine.StaticMeshActor Name:StaticMeshActor_UAID_0068EBB8488D87D301_1940636755 Label:SM_Cube13 SpatiallyLoaded:1 Bounds:IsValid=true, Min=(X=2600.000 Y=2500.000 Z=0.000), Max=(X=3400.000 Y=3700.000 Z=300.000) RuntimeGrid:None EditorOnly:0 RuntimeOnly:0 HLODRelevant:1
 |   |   |- Guid:D935740A490176EB4702AF96F92450E8 BaseClass: NativeClass:/Script/Engine.StaticMeshActor Name:StaticMeshActor_38 Label:SM_ChamferCube18 SpatiallyLoaded:1 Bounds:IsValid=true, Min=(X=1184.041 Y=953.448 Z=100.013), Max=(X=1320.643 Y=1090.051 Z=200.013) RuntimeGrid:None EditorOnly:0 RuntimeOnly:0 HLODRelevant:0 FolderPath:SimulatedCubes FolderGuid:9AEEADCB4DC6C647D6E7C0B4EDA1744F
 |   |   |- Guid:E005643848031E58502665B13B3F973C BaseClass: NativeClass:/Script/Engine.StaticMeshActor Name:StaticMeshActor_UAID_0068EBB8488D88D301_1947264959 Label:SM_ChamferCube26 SpatiallyLoaded:1 Bounds:IsValid=true, Min=(X=538.237 Y=2398.251 Z=200.013), Max=(X=654.083 Y=2514.096 Z=300.013) RuntimeGrid:None EditorOnly:0 RuntimeOnly:0 HLODRelevant:0 FolderPath:SimulatedCubes FolderGuid:9AEEADCB4DC6C647D6E7C0B4EDA1744F
 |   |   |- Guid:E051597541B4C998010633A0C1018139 BaseClass: NativeClass:/Script/Engine.StaticMeshActor Name:StaticMeshActor_30 Label:SM_ChamferCube5 SpatiallyLoaded:1 Bounds:IsValid=true, Min=(X=1765.431 Y=2937.543 Z=0.063), Max=(X=1976.756 Y=3148.868 Z=150.063) RuntimeGrid:None EditorOnly:0 RuntimeOnly:0 HLODRelevant:0 FolderPath:SimulatedCubes FolderGuid:9AEEADCB4DC6C647D6E7C0B4EDA1744F
 |   |   |- Guid:E4923E754B88007277D7DA9CF5197B75 BaseClass: NativeClass:/Script/Engine.StaticMeshActor Name:StaticMeshActor_UAID_0068EBB8488D87D301_2073090758 Label:SM_Ramp SpatiallyLoaded:1 Bounds:IsValid=true, Min=(X=2390.000 Y=100.000 Z=0.000), Max=(X=2690.000 Y=400.000 Z=200.000) RuntimeGrid:None EditorOnly:0 RuntimeOnly:0 HLODRelevant:1
 |   |   |- Guid:E8A8A3DA42D0EB2464F83BA509040FCF BaseClass: NativeClass:/Script/Engine.StaticMeshActor Name:StaticMeshActor_UAID_0068EBB8488D88D301_1320147943 Label:SM_Cube19 SpatiallyLoaded:1 Bounds:IsValid=true, Min=(X=900.000 Y=1300.000 Z=200.000), Max=(X=1200.000 Y=1400.000 Z=400.000) RuntimeGrid:None EditorOnly:0 RuntimeOnly:0 HLODRelevant:1
 |   |   |- Guid:EE66F4454A4A9F99393F559AB739C05E BaseClass:/Game/FirstPerson/Blueprints/BP_Pickup_Rifle.BP_Pickup_Rifle_C NativeClass:/Script/Engine.Actor Name:BP_Rifle_C_1 Label:BP_Pickup_Rifle SpatiallyLoaded:1 Bounds:IsValid=true, Min=(X=1378.000 Y=818.000 Z=64.000), Max=(X=1442.000 Y=907.440 Z=128.000) RuntimeGrid:None EditorOnly:0 RuntimeOnly:0 HLODRelevant:0
 |   |   |- Guid:F07F1AF64C7C7C238EE1B4BF8C122DD8 BaseClass: NativeClass:/Script/Engine.StaticMeshActor Name:StaticMeshActor_4 Label:SM_Cube3 SpatiallyLoaded:1 Bounds:IsValid=true, Min=(X=0.000 Y=4900.000 Z=0.000), Max=(X=3500.000 Y=5000.000 Z=400.000) RuntimeGrid:None EditorOnly:0 RuntimeOnly:0 HLODRelevant:1 FolderPath:Playground FolderGuid:6C02BB504B69D1F3D7A624B130C18E5B
 |   |   |- Guid:F1EEA8074774481D4FF7059AC122508D BaseClass: NativeClass:/Script/Engine.StaticMeshActor Name:StaticMeshActor_UAID_0068EBB8488D88D301_1074008936 Label:SM_Cube14 SpatiallyLoaded:1 Bounds:IsValid=true, Min=(X=800.000 Y=100.000 Z=0.000), Max=(X=900.000 Y=1300.000 Z=300.000) RuntimeGrid:None EditorOnly:0 RuntimeOnly:0 HLODRelevant:1
 |   |   |- Guid:FDD21F0C4B6366AD8B1C9C86BE392EBC BaseClass: NativeClass:/Script/Engine.StaticMeshActor Name:StaticMeshActor_UAID_0068EBB8488D87D301_1967561756 Label:SM_Cube8 SpatiallyLoaded:1 Bounds:IsValid=true, Min=(X=900.000 Y=3200.000 Z=0.000), Max=(X=1100.000 Y=3400.000 Z=200.000) RuntimeGrid:None EditorOnly:0 RuntimeOnly:0 HLODRelevant:1
 |   |- [+] Clusters:
 |   |   |- [+] [  0]
 |   |   |   |- Guid:2634CAA34CB80CB9F381F9893F67405B BaseClass: NativeClass:/Script/Engine.StaticMeshActor Name:StaticMeshActor_UAID_0068EBB8488D88D301_1919864956 Label:SM_ChamferCube23 SpatiallyLoaded:1 Bounds:IsValid=true, Min=(X=538.237 Y=2398.251 Z=100.013), Max=(X=654.083 Y=2514.096 Z=200.013) RuntimeGrid:None EditorOnly:0 RuntimeOnly:0 HLODRelevant:0 FolderPath:SimulatedCubes FolderGuid:9AEEADCB4DC6C647D6E7C0B4EDA1744F
 |   |   |- [+] [  1]
 |   |   |   |- Guid:F1EEA8074774481D4FF7059AC122508D BaseClass: NativeClass:/Script/Engine.StaticMeshActor Name:StaticMeshActor_UAID_0068EBB8488D88D301_1074008936 Label:SM_Cube14 SpatiallyLoaded:1 Bounds:IsValid=true, Min=(X=800.000 Y=100.000 Z=0.000), Max=(X=900.000 Y=1300.000 Z=300.000) RuntimeGrid:None EditorOnly:0 RuntimeOnly:0 HLODRelevant:1
 |   |   |- [+] [  2]
 |   |   |   |- Guid:61391D344900612A77DFC3BA3E354907 BaseClass: NativeClass:/Script/Engine.ExponentialHeightFog Name:ExponentialHeightFog_0 Label:ExponentialHeightFog SpatiallyLoaded:0 Bounds:IsValid=true, Min=(X=-5600.000 Y=-50.000 Z=-6850.000), Max=(X=-5600.000 Y=-50.000 Z=-6850.000) RuntimeGrid:None EditorOnly:0 RuntimeOnly:0 HLODRelevant:0 FolderPath:Lighting FolderGuid:0BA5F0A04EADB18E70D5B180D08FA34B
 |   |   |- [+] [  3]
 |   |   |   |- Guid:21F09ADB4FBBB4A8722234953DD38636 BaseClass: NativeClass:/Script/Engine.StaticMeshActor Name:StaticMeshActor_UAID_0068EBB8488D88D301_1958538962 Label:SM_ChamferCube29 SpatiallyLoaded:1 Bounds:IsValid=true, Min=(X=224.877 Y=2405.175 Z=150.013), Max=(X=361.480 Y=2541.777 Z=250.013) RuntimeGrid:None EditorOnly:0 RuntimeOnly:0 HLODRelevant:0 FolderPath:SimulatedCubes FolderGuid:9AEEADCB4DC6C647D6E7C0B4EDA1744F
 |   |   |- [+] [  4]
 |   |   |   |- Guid:D65CE26D4543AB64D3E1CE82A79B39D9 BaseClass: NativeClass:/Script/Engine.StaticMeshActor Name:StaticMeshActor_45 Label:SM_ChamferCube11 SpatiallyLoaded:1 Bounds:IsValid=true, Min=(X=711.160 Y=2406.174 Z=0.013), Max=(X=811.160 Y=2506.174 Z=100.013) RuntimeGrid:None EditorOnly:0 RuntimeOnly:0 HLODRelevant:0 FolderPath:SimulatedCubes FolderGuid:9AEEADCB4DC6C647D6E7C0B4EDA1744F
 |   |   |- [+] [  5]
 |   |   |   |- Guid:9576C20447C7F4B1E0B3E2A05F8BE98E BaseClass: NativeClass:/Script/Engine.StaticMeshActor Name:StaticMeshActor_UAID_0068EBB8488D87D301_1646798750 Label:SM_Cube15 SpatiallyLoaded:1 Bounds:IsValid=true, Min=(X=1690.000 Y=580.000 Z=0.000), Max=(X=2190.000 Y=855.000 Z=200.000) RuntimeGrid:None EditorOnly:0 RuntimeOnly:0 HLODRelevant:1
 |   |   |- [+] [  6]
 |   |   |   |- Guid:BC9B98504B3A4D80437517BA97175A99 BaseClass: NativeClass:/Script/Engine.StaticMeshActor Name:StaticMeshActor_UAID_0068EBB8488D88D301_1947263958 Label:SM_ChamferCube25 SpatiallyLoaded:1 Bounds:IsValid=true, Min=(X=436.160 Y=2406.174 Z=200.013), Max=(X=536.160 Y=2506.174 Z=300.013) RuntimeGrid:None EditorOnly:0 RuntimeOnly:0 HLODRelevant:0 FolderPath:SimulatedCubes FolderGuid:9AEEADCB4DC6C647D6E7C0B4EDA1744F
 |   |   |- [+] [  7]
 |   |   |   |- Guid:173E9FDF44F8B93D67D4C5B040E4921D BaseClass: NativeClass:/Script/Engine.StaticMeshActor Name:StaticMeshActor_UAID_0068EBB8488D88D301_1947262957 Label:SM_ChamferCube24 SpatiallyLoaded:1 Bounds:IsValid=true, Min=(X=656.160 Y=2406.174 Z=200.013), Max=(X=756.160 Y=2506.174 Z=300.013) RuntimeGrid:None EditorOnly:0 RuntimeOnly:0 HLODRelevant:0 FolderPath:SimulatedCubes FolderGuid:9AEEADCB4DC6C647D6E7C0B4EDA1744F
 |   |   |- [+] [  8]
 |   |   |   |- Guid:C431268849799DBC01C37A8A6B6C0D32 BaseClass: NativeClass:/Script/Engine.StaticMeshActor Name:StaticMeshActor_UAID_0068EBB8488D87D301_1748963751 Label:SM_Cube12 SpatiallyLoaded:1 Bounds:IsValid=true, Min=(X=2600.000 Y=1300.000 Z=0.000), Max=(X=3400.000 Y=2500.000 Z=200.000) RuntimeGrid:None EditorOnly:0 RuntimeOnly:0 HLODRelevant:1
 |   |   |- [+] [  9]
 |   |   |   |- Guid:A1D387984533614047BE5F9CCCD5FA33 BaseClass: NativeClass:/Script/Engine.StaticMeshActor Name:StaticMeshActor_UAID_0068EBB8488D87D301_1857672754 Label:SM_Ramp4 SpatiallyLoaded:1 Bounds:IsValid=true, Min=(X=2300.000 Y=1300.000 Z=0.000), Max=(X=2600.000 Y=1500.000 Z=200.000) RuntimeGrid:None EditorOnly:0 RuntimeOnly:0 HLODRelevant:1
 |   |   |- [+] [ 10]
 |   |   |   |- Guid:8E9EA0F84D0FC901D6ABCF911C08AEE3 BaseClass: NativeClass:/Script/Engine.StaticMeshActor Name:StaticMeshActor_50 Label:SM_ChamferCube15 SpatiallyLoaded:1 Bounds:IsValid=true, Min=(X=2480.411 Y=2187.371 Z=0.013), Max=(X=2580.411 Y=2287.371 Z=100.013) RuntimeGrid:None EditorOnly:0 RuntimeOnly:0 HLODRelevant:0 FolderPath:SimulatedCubes FolderGuid:9AEEADCB4DC6C647D6E7C0B4EDA1744F
 |   |   |- [+] [ 11]
 |   |   |   |- Guid:E8A8A3DA42D0EB2464F83BA509040FCF BaseClass: NativeClass:/Script/Engine.StaticMeshActor Name:StaticMeshActor_UAID_0068EBB8488D88D301_1320147943 Label:SM_Cube19 SpatiallyLoaded:1 Bounds:IsValid=true, Min=(X=900.000 Y=1300.000 Z=200.000), Max=(X=1200.000 Y=1400.000 Z=400.000) RuntimeGrid:None EditorOnly:0 RuntimeOnly:0 HLODRelevant:1
 |   |   |- [+] [ 12]
 |   |   |   |- Guid:21262252453B37957EF29F82ABA2413B BaseClass: NativeClass:/Script/Engine.TextRenderActor Name:TextRenderActor_1 Label:TextRenderActor SpatiallyLoaded:1 Bounds:IsValid=true, Min=(X=-0.100 Y=1100.000 Z=65.013), Max=(X=-0.100 Y=2363.461 Z=215.013) RuntimeGrid:None EditorOnly:0 RuntimeOnly:0 HLODRelevant:0
 |   |   |- [+] [ 13]
 |   |   |   |- Guid:1F3B11EC41FF80CD9749508EEEC92340 BaseClass: NativeClass:/Script/Engine.StaticMeshActor Name:StaticMeshActor_UAID_0068EBB8488D87D301_1285736747 Label:SM_Ramp2 SpatiallyLoaded:1 Bounds:IsValid=true, Min=(X=2600.000 Y=2300.000 Z=200.000), Max=(X=2800.000 Y=2500.000 Z=300.000) RuntimeGrid:None EditorOnly:0 RuntimeOnly:0 HLODRelevant:1
 |   |   |- [+] [ 14]
 |   |   |   |- Guid:D2F8A89B48D40EB1D2FB92BAF42BAF96 BaseClass: NativeClass:/Script/Engine.StaticMeshActor Name:StaticMeshActor_UAID_0068EBB8488D87D301_1323896749 Label:SM_Cube7 SpatiallyLoaded:1 Bounds:IsValid=true, Min=(X=1600.000 Y=2300.000 Z=250.000), Max=(X=2600.000 Y=2500.000 Z=300.000) RuntimeGrid:None EditorOnly:0 RuntimeOnly:0 HLODRelevant:1
 |   |   |- [+] [ 15]
 |   |   |   |- Guid:90B7B8D3420C2EABA931D3A6A69DF696 BaseClass: NativeClass:/Script/Engine.StaticMeshActor Name:StaticMeshActor_3 Label:SM_Cube2 SpatiallyLoaded:1 Bounds:IsValid=true, Min=(X=0.000 Y=0.000 Z=0.000), Max=(X=3500.000 Y=100.000 Z=400.000) RuntimeGrid:None EditorOnly:0 RuntimeOnly:0 HLODRelevant:1 FolderPath:Playground FolderGuid:6C02BB504B69D1F3D7A624B130C18E5B
 |   |   |- [+] [ 16]
 |   |   |   |- Guid:7DE528D947D5D231819C95AED01C6F44 BaseClass: NativeClass:/Script/Engine.StaticMeshActor Name:StaticMeshActor_UAID_0068EBB8488D88D301_1570792948 Label:SM_ChamferCube6 SpatiallyLoaded:1 Bounds:IsValid=true, Min=(X=1116.134 Y=1496.746 Z=190.013), Max=(X=1252.737 Y=1633.348 Z=290.013) RuntimeGrid:None EditorOnly:0 RuntimeOnly:0 HLODRelevant:0 FolderPath:SimulatedCubes FolderGuid:9AEEADCB4DC6C647D6E7C0B4EDA1744F
 |   |   |- [+] [ 17]
 |   |   |   |- Guid:5314D4D94999CDC70D7B7C8070152023 BaseClass: NativeClass:/Script/Engine.StaticMeshActor Name:StaticMeshActor_UAID_0068EBB8488D88D301_1714433953 Label:SM_Ramp6 SpatiallyLoaded:1 Bounds:IsValid=true, Min=(X=2200.000 Y=4500.000 Z=0.000), Max=(X=2500.000 Y=4900.000 Z=200.000) RuntimeGrid:None EditorOnly:0 RuntimeOnly:0 HLODRelevant:1
 |   |   |- [+] [ 18]
 |   |   |   |- Guid:2A78EF094E089635A07B30AB9A046A81 BaseClass: NativeClass:/Script/Engine.StaticMeshActor Name:StaticMeshActor_47 Label:SM_ChamferCube13 SpatiallyLoaded:1 Bounds:IsValid=true, Min=(X=656.160 Y=2406.174 Z=100.013), Max=(X=756.160 Y=2506.174 Z=200.013) RuntimeGrid:None EditorOnly:0 RuntimeOnly:0 HLODRelevant:0 FolderPath:SimulatedCubes FolderGuid:9AEEADCB4DC6C647D6E7C0B4EDA1744F
 |   |   |- [+] [ 19]
 |   |   |   |- Guid:17D5E26E448FDA8CD97547A95AD1DE59 BaseClass: NativeClass:/Script/Engine.StaticMeshActor Name:StaticMeshActor_UAID_0068EBB8488D88D301_1609664949 Label:SM_Ramp5 SpatiallyLoaded:1 Bounds:IsValid=true, Min=(X=3100.000 Y=2300.000 Z=200.000), Max=(X=3300.000 Y=2500.000 Z=300.000) RuntimeGrid:None EditorOnly:0 RuntimeOnly:0 HLODRelevant:1
 |   |   |- [+] [ 20]
 |   |   |   |- Guid:85A1F4F441333DB1891263A92C07DF2D BaseClass: NativeClass:/Script/Engine.StaticMeshActor Name:StaticMeshActor_UAID_0068EBB8488D88D301_1799952954 Label:SM_Cube24 SpatiallyLoaded:1 Bounds:IsValid=true, Min=(X=2900.000 Y=4300.000 Z=200.000), Max=(X=3200.000 Y=4400.000 Z=300.000) RuntimeGrid:None EditorOnly:0 RuntimeOnly:0 HLODRelevant:1
 |   |   |- [+] [ 21]
 |   |   |   |- Guid:489C1C494E96ABA9831D139CE5F2C7B4 BaseClass: NativeClass:/Script/Engine.StaticMeshActor Name:StaticMeshActor_UAID_0068EBB8488D86D301_1740303565 Label:SM_Cube11 SpatiallyLoaded:1 Bounds:IsValid=true, Min=(X=800.000 Y=1300.000 Z=0.000), Max=(X=1600.000 Y=2500.000 Z=200.000) RuntimeGrid:None EditorOnly:0 RuntimeOnly:0 HLODRelevant:1
 |   |   |- [+] [ 22]
 |   |   |   |- Guid:7DCFF2144714F0843D87428AC48CE4F4 BaseClass: NativeClass:/Script/Engine.StaticMeshActor Name:StaticMeshActor_24 Label:SM_ChamferCube17 SpatiallyLoaded:1 Bounds:IsValid=true, Min=(X=1236.002 Y=983.448 Z=0.013), Max=(X=1372.605 Y=1120.051 Z=100.013) RuntimeGrid:None EditorOnly:0 RuntimeOnly:0 HLODRelevant:0 FolderPath:SimulatedCubes FolderGuid:9AEEADCB4DC6C647D6E7C0B4EDA1744F
 |   |   |- [+] [ 23]
 |   |   |   |- Guid:B74EF07E46A88A7D2EDB988A67BF2B39 BaseClass: NativeClass:/Script/Engine.StaticMeshActor Name:StaticMeshActor_UAID_0068EBB8488D88D301_1190228940 Label:SM_ChamferCube21 SpatiallyLoaded:1 Bounds:IsValid=true, Min=(X=376.160 Y=2406.174 Z=0.013), Max=(X=476.160 Y=2506.174 Z=100.013) RuntimeGrid:None EditorOnly:0 RuntimeOnly:0 HLODRelevant:0 FolderPath:SimulatedCubes FolderGuid:9AEEADCB4DC6C647D6E7C0B4EDA1744F
 |   |   |- [+] [ 24]
 |   |   |   |- Guid:EE66F4454A4A9F99393F559AB739C05E BaseClass:/Game/FirstPerson/Blueprints/BP_Pickup_Rifle.BP_Pickup_Rifle_C NativeClass:/Script/Engine.Actor Name:BP_Rifle_C_1 Label:BP_Pickup_Rifle SpatiallyLoaded:1 Bounds:IsValid=true, Min=(X=1378.000 Y=818.000 Z=64.000), Max=(X=1442.000 Y=907.440 Z=128.000) RuntimeGrid:None EditorOnly:0 RuntimeOnly:0 HLODRelevant:0
 |   |   |- [+] [ 25]
 |   |   |   |- Guid:B0E2601D475F9D5A62BD599BDCDC7BA6 BaseClass: NativeClass:/Script/Engine.StaticMeshActor Name:StaticMeshActor_UAID_0068EBB8488D88D301_1128826937 Label:SM_Cube16 SpatiallyLoaded:1 Bounds:IsValid=true, Min=(X=800.000 Y=1300.000 Z=200.000), Max=(X=900.000 Y=2500.000 Z=400.000) RuntimeGrid:None EditorOnly:0 RuntimeOnly:0 HLODRelevant:1
 |   |   |- [+] [ 26]
 |   |   |   |- Guid:9788705E43ECC76C87D762AAE00CEC75 BaseClass: NativeClass:/Script/Engine.StaticMeshActor Name:StaticMeshActor_UAID_0068EBB8488D88D301_1958538961 Label:SM_ChamferCube28 SpatiallyLoaded:1 Bounds:IsValid=true, Min=(X=125.727 Y=2371.768 Z=150.013), Max=(X=253.898 Y=2499.939 Z=250.013) RuntimeGrid:None EditorOnly:0 RuntimeOnly:0 HLODRelevant:0 FolderPath:SimulatedCubes FolderGuid:9AEEADCB4DC6C647D6E7C0B4EDA1744F
 |   |   |- [+] [ 27]
 |   |   |   |- Guid:C117FA174619BA31925958A7B6340459 BaseClass: NativeClass:/Script/Engine.StaticMeshActor Name:StaticMeshActor_UAID_0068EBB8488D88D301_1190225938 Label:SM_ChamferCube19 SpatiallyLoaded:1 Bounds:IsValid=true, Min=(X=491.160 Y=2406.174 Z=0.013), Max=(X=591.160 Y=2506.174 Z=100.013) RuntimeGrid:None EditorOnly:0 RuntimeOnly:0 HLODRelevant:0 FolderPath:SimulatedCubes FolderGuid:9AEEADCB4DC6C647D6E7C0B4EDA1744F
 |   |   |- [+] [ 28]
 |   |   |   |- Guid:C19721EE48718D3B6D9CE88359C07C42 BaseClass: NativeClass:/Script/Engine.StaticMeshActor Name:StaticMeshActor_UAID_0068EBB8488D88D301_1438114945 Label:SM_Cube21 SpatiallyLoaded:1 Bounds:IsValid=true, Min=(X=2500.000 Y=3700.000 Z=0.000), Max=(X=3400.000 Y=4900.000 Z=200.000) RuntimeGrid:None EditorOnly:0 RuntimeOnly:0 HLODRelevant:1
 |   |   |- [+] [ 29]
 |   |   |   |- Guid:C6AACA3E4DF1A640A3EB8097CF72A219 BaseClass: NativeClass:/Script/Engine.StaticMeshActor Name:StaticMeshActor_UAID_0068EBB8488D88D301_1655044951 Label:SM_Cube22 SpatiallyLoaded:1 Bounds:IsValid=true, Min=(X=1420.000 Y=3900.000 Z=-40.000), Max=(X=1720.000 Y=4200.000 Z=260.000) RuntimeGrid:None EditorOnly:0 RuntimeOnly:0 HLODRelevant:1
 |   |   |- [+] [ 30]
 |   |   |   |- Guid:F07F1AF64C7C7C238EE1B4BF8C122DD8 BaseClass: NativeClass:/Script/Engine.StaticMeshActor Name:StaticMeshActor_4 Label:SM_Cube3 SpatiallyLoaded:1 Bounds:IsValid=true, Min=(X=0.000 Y=4900.000 Z=0.000), Max=(X=3500.000 Y=5000.000 Z=400.000) RuntimeGrid:None EditorOnly:0 RuntimeOnly:0 HLODRelevant:1 FolderPath:Playground FolderGuid:6C02BB504B69D1F3D7A624B130C18E5B
 |   |   |- [+] [ 31]
 |   |   |   |- Guid:760CCEF54C6EEC265C2B72BEDEA73DCF BaseClass: NativeClass:/Script/Engine.StaticMeshActor Name:StaticMeshActor_UAID_0068EBB8488D87D301_1803226752 Label:SM_Cube4 SpatiallyLoaded:1 Bounds:IsValid=true, Min=(X=2900.000 Y=2000.000 Z=200.000), Max=(X=3100.000 Y=2100.000 Z=350.000) RuntimeGrid:None EditorOnly:0 RuntimeOnly:0 HLODRelevant:1
 |   |   |- [+] [ 32]
 |   |   |   |- Guid:55E5602C474D2F5180A4899819C3EEAF BaseClass: NativeClass:/Script/Engine.StaticMeshActor Name:StaticMeshActor_UAID_0068EBB8488D88D301_1570790946 Label:SM_ChamferCube22 SpatiallyLoaded:1 Bounds:IsValid=true, Min=(X=1215.727 Y=1554.246 Z=190.013), Max=(X=1352.330 Y=1690.848 Z=290.013) RuntimeGrid:None EditorOnly:0 RuntimeOnly:0 HLODRelevant:0 FolderPath:SimulatedCubes FolderGuid:9AEEADCB4DC6C647D6E7C0B4EDA1744F
 |   |   |- [+] [ 33]
 |   |   |   |- Guid:A4A6ACE14D04C35215160F8698C06EC9 BaseClass: NativeClass:/Script/Engine.StaticMeshActor Name:StaticMeshActor_UAID_0068EBB8488D87D301_1306390748 Label:SM_Ramp3 SpatiallyLoaded:1 Bounds:IsValid=true, Min=(X=1400.000 Y=2300.000 Z=200.000), Max=(X=1600.000 Y=2500.000 Z=300.000) RuntimeGrid:None EditorOnly:0 RuntimeOnly:0 HLODRelevant:1
 |   |   |- [+] [ 34]
 |   |   |   |- Guid:B2880DFC4FD4038F05310A9A808AC16D BaseClass: NativeClass:/Script/Engine.StaticMeshActor Name:StaticMeshActor_UAID_0068EBB8488D88D301_1284826942 Label:SM_Cube18 SpatiallyLoaded:1 Bounds:IsValid=true, Min=(X=1500.000 Y=1700.000 Z=200.000), Max=(X=1600.000 Y=2000.000 Z=300.000) RuntimeGrid:None EditorOnly:0 RuntimeOnly:0 HLODRelevant:1
 |   |   |- [+] [ 35]
 |   |   |   |- Guid:78CAF7514C7533F30BD2F19A017AAB65 BaseClass: NativeClass:/Script/Engine.StaticMeshActor Name:StaticMeshActor_0 Label:SM_Cube SpatiallyLoaded:1 Bounds:IsValid=true, Min=(X=0.000 Y=0.000 Z=-50.000), Max=(X=3500.000 Y=5000.000 Z=0.000) RuntimeGrid:None EditorOnly:0 RuntimeOnly:0 HLODRelevant:1 FolderPath:Playground FolderGuid:6C02BB504B69D1F3D7A624B130C18E5B
 |   |   |- [+] [ 36]
 |   |   |   |- Guid:573177074D0ADB4DA9A357AE2A5CADA8 BaseClass: NativeClass:/Script/Engine.StaticMeshActor Name:StaticMeshActor_49 Label:SM_ChamferCube14 SpatiallyLoaded:1 Bounds:IsValid=true, Min=(X=2480.411 Y=2302.371 Z=0.013), Max=(X=2580.411 Y=2402.371 Z=100.013) RuntimeGrid:None EditorOnly:0 RuntimeOnly:0 HLODRelevant:0 FolderPath:SimulatedCubes FolderGuid:9AEEADCB4DC6C647D6E7C0B4EDA1744F
 |   |   |- [+] [ 37]
 |   |   |   |- Guid:E051597541B4C998010633A0C1018139 BaseClass: NativeClass:/Script/Engine.StaticMeshActor Name:StaticMeshActor_30 Label:SM_ChamferCube5 SpatiallyLoaded:1 Bounds:IsValid=true, Min=(X=1765.431 Y=2937.543 Z=0.063), Max=(X=1976.756 Y=3148.868 Z=150.063) RuntimeGrid:None EditorOnly:0 RuntimeOnly:0 HLODRelevant:0 FolderPath:SimulatedCubes FolderGuid:9AEEADCB4DC6C647D6E7C0B4EDA1744F
 |   |   |- [+] [ 38]
 |   |   |   |- Guid:3E47B5F64FE5FFD76E56D4A560787DFF BaseClass: NativeClass:/Script/Engine.StaticMeshActor Name:StaticMeshActor_UAID_0068EBB8488D88D301_1246353941 Label:SM_Cube17 SpatiallyLoaded:1 Bounds:IsValid=true, Min=(X=2600.000 Y=1500.000 Z=200.000), Max=(X=2700.000 Y=1800.000 Z=400.000) RuntimeGrid:None EditorOnly:0 RuntimeOnly:0 HLODRelevant:1
 |   |   |- [+] [ 39]
 |   |   |   |- Guid:014139064B272AE31FF877B819CB5734 BaseClass: NativeClass:/Script/Engine.StaticMeshActor Name:StaticMeshActor_8 Label:SM_ChamferCube3 SpatiallyLoaded:1 Bounds:IsValid=true, Min=(X=173.003 Y=2361.112 Z=0.063), Max=(X=377.907 Y=2566.016 Z=150.063) RuntimeGrid:None EditorOnly:0 RuntimeOnly:0 HLODRelevant:0 FolderPath:SimulatedCubes FolderGuid:9AEEADCB4DC6C647D6E7C0B4EDA1744F
 |   |   |- [+] [ 40]
 |   |   |   |- Guid:37AF8EA942030060453EB28FD81C542A BaseClass: NativeClass:/Script/Engine.StaticMeshActor Name:StaticMeshActor_UAID_0068EBB8488D88D301_1370432944 Label:SM_Cube20 SpatiallyLoaded:1 Bounds:IsValid=true, Min=(X=2914.611 Y=3062.899 Z=300.000), Max=(X=3076.985 Y=3285.040 Z=400.000) RuntimeGrid:None EditorOnly:0 RuntimeOnly:0 HLODRelevant:1
 |   |   |- [+] [ 41]
 |   |   |   |- Guid:764666EF4316C7851F06859A678454F2 BaseClass: NativeClass:/Script/Engine.StaticMeshActor Name:StaticMeshActor_46 Label:SM_ChamferCube12 SpatiallyLoaded:1 Bounds:IsValid=true, Min=(X=596.160 Y=2406.174 Z=0.013), Max=(X=696.160 Y=2506.174 Z=100.013) RuntimeGrid:None EditorOnly:0 RuntimeOnly:0 HLODRelevant:0 FolderPath:SimulatedCubes FolderGuid:9AEEADCB4DC6C647D6E7C0B4EDA1744F
 |   |   |- [+] [ 42]
 |   |   |   |- Guid:A354B1B24E617A525DC6B48CCDE2417E BaseClass: NativeClass:/Script/Engine.PlayerStart Name:PlayerStart_0 Label:PlayerStart SpatiallyLoaded:0 Bounds:IsValid=true, Min=(X=860.000 Y=810.000 Z=0.013), Max=(X=940.000 Y=890.000 Z=184.013) RuntimeGrid:None EditorOnly:0 RuntimeOnly:0 HLODRelevant:0
 |   |   |- [+] [ 43]
 |   |   |   |- Guid:C94F1BE342A4B7B1A82CB989E34573ED BaseClass: NativeClass:/Script/Engine.StaticMeshActor Name:StaticMeshActor_UAID_0068EBB8488D87D301_2046127757 Label:SM_Cube9 SpatiallyLoaded:1 Bounds:IsValid=true, Min=(X=2690.000 Y=100.000 Z=0.000), Max=(X=3390.000 Y=400.000 Z=200.000) RuntimeGrid:None EditorOnly:0 RuntimeOnly:0 HLODRelevant:1
 |   |   |- [+] [ 44]
 |   |   |   |- Guid:FDD21F0C4B6366AD8B1C9C86BE392EBC BaseClass: NativeClass:/Script/Engine.StaticMeshActor Name:StaticMeshActor_UAID_0068EBB8488D87D301_1967561756 Label:SM_Cube8 SpatiallyLoaded:1 Bounds:IsValid=true, Min=(X=900.000 Y=3200.000 Z=0.000), Max=(X=1100.000 Y=3400.000 Z=200.000) RuntimeGrid:None EditorOnly:0 RuntimeOnly:0 HLODRelevant:1
 |   |   |- [+] [ 45]
 |   |   |   |- Guid:E4923E754B88007277D7DA9CF5197B75 BaseClass: NativeClass:/Script/Engine.StaticMeshActor Name:StaticMeshActor_UAID_0068EBB8488D87D301_2073090758 Label:SM_Ramp SpatiallyLoaded:1 Bounds:IsValid=true, Min=(X=2390.000 Y=100.000 Z=0.000), Max=(X=2690.000 Y=400.000 Z=200.000) RuntimeGrid:None EditorOnly:0 RuntimeOnly:0 HLODRelevant:1
 |   |   |- [+] [ 46]
 |   |   |   |- Guid:9F0BF09149CE7066A4B140B4C0FDB7C4 BaseClass: NativeClass:/Script/Engine.StaticMeshActor Name:StaticMeshActor_UAID_0068EBB8488D88D301_1190227939 Label:SM_ChamferCube20 SpatiallyLoaded:1 Bounds:IsValid=true, Min=(X=426.160 Y=2406.174 Z=100.013), Max=(X=526.160 Y=2506.174 Z=200.013) RuntimeGrid:None EditorOnly:0 RuntimeOnly:0 HLODRelevant:0 FolderPath:SimulatedCubes FolderGuid:9AEEADCB4DC6C647D6E7C0B4EDA1744F
 |   |   |- [+] [ 47]
 |   |   |   |- Guid:6B9F7C52434CCF99C7551893412C2C21 BaseClass: NativeClass:/Script/Engine.StaticMeshActor Name:StaticMeshActor_51 Label:SM_ChamferCube16 SpatiallyLoaded:1 Bounds:IsValid=true, Min=(X=2652.565 Y=1862.730 Z=200.013), Max=(X=2789.168 Y=1999.332 Z=300.013) RuntimeGrid:None EditorOnly:0 RuntimeOnly:0 HLODRelevant:0 FolderPath:SimulatedCubes FolderGuid:9AEEADCB4DC6C647D6E7C0B4EDA1744F
 |   |   |- [+] [ 48]
 |   |   |   |- Guid:D8C103AB4F43792289E7348895477044 BaseClass: NativeClass:/Script/Engine.StaticMeshActor Name:StaticMeshActor_UAID_0068EBB8488D87D301_1940636755 Label:SM_Cube13 SpatiallyLoaded:1 Bounds:IsValid=true, Min=(X=2600.000 Y=2500.000 Z=0.000), Max=(X=3400.000 Y=3700.000 Z=300.000) RuntimeGrid:None EditorOnly:0 RuntimeOnly:0 HLODRelevant:1
 |   |   |- [+] [ 49]
 |   |   |   |- Guid:0EDB289B45CB7E0977A6DBA74201EE76 BaseClass: NativeClass:/Script/Engine.StaticMeshActor Name:StaticMeshActor_10 Label:SM_Cube6 SpatiallyLoaded:1 Bounds:IsValid=true, Min=(X=3380.000 Y=0.000 Z=0.000), Max=(X=3480.000 Y=5000.000 Z=400.000) RuntimeGrid:None EditorOnly:0 RuntimeOnly:0 HLODRelevant:1 FolderPath:Playground FolderGuid:6C02BB504B69D1F3D7A624B130C18E5B
 |   |   |- [+] [ 50]
 |   |   |   |- Guid:D935740A490176EB4702AF96F92450E8 BaseClass: NativeClass:/Script/Engine.StaticMeshActor Name:StaticMeshActor_38 Label:SM_ChamferCube18 SpatiallyLoaded:1 Bounds:IsValid=true, Min=(X=1184.041 Y=953.448 Z=100.013), Max=(X=1320.643 Y=1090.051 Z=200.013) RuntimeGrid:None EditorOnly:0 RuntimeOnly:0 HLODRelevant:0 FolderPath:SimulatedCubes FolderGuid:9AEEADCB4DC6C647D6E7C0B4EDA1744F
 |   |   |- [+] [ 51]
 |   |   |   |- Guid:267E0B1D414E4EEF39344AA660BD8AA6 BaseClass: NativeClass:/Script/Engine.StaticMeshActor Name:StaticMeshActor_UAID_0068EBB8488D88D301_1983570964 Label:SM_Cube26 SpatiallyLoaded:1 Bounds:IsValid=true, Min=(X=1022.331 Y=2103.473 Z=200.000), Max=(X=1236.658 Y=2236.683 Z=300.000) RuntimeGrid:None EditorOnly:0 RuntimeOnly:0 HLODRelevant:1
 |   |   |- [+] [ 52]
 |   |   |   |- Guid:503301344EDD2580C9B8269BA1FF0C83 BaseClass: NativeClass:/Script/Engine.StaticMeshActor Name:StaticMeshActor_29 Label:SM_ChamferCube4 SpatiallyLoaded:1 Bounds:IsValid=true, Min=(X=78.927 Y=2248.973 Z=0.063), Max=(X=271.184 Y=2441.230 Z=150.063) RuntimeGrid:None EditorOnly:0 RuntimeOnly:0 HLODRelevant:0 FolderPath:SimulatedCubes FolderGuid:9AEEADCB4DC6C647D6E7C0B4EDA1744F
 |   |   |- [+] [ 53]
 |   |   |   |- Guid:C0C56B9644AE3D40CAFF6A878DB29844 BaseClass: NativeClass:/Script/Engine.StaticMeshActor Name:StaticMeshActor_UAID_A4AE111137DC5EFB00_2001720423 Label:SM_SkySphere SpatiallyLoaded:0 Bounds:IsValid=true, Min=(X=-1638400.000 Y=-1638400.000 Z=-1638400.000), Max=(X=1638400.000 Y=1638400.000 Z=1638400.000) RuntimeGrid:None EditorOnly:0 RuntimeOnly:0 HLODRelevant:1 FolderPath:Lighting FolderGuid:0BA5F0A04EADB18E70D5B180D08FA34B
 |   |   |- [+] [ 54]
 |   |   |   |- Guid:6FEFB3BD4EB37B849EF0D4AC80F83855 BaseClass: NativeClass:/Script/Engine.WorldDataLayers Name:WorldDataLayers Label:WorldDataLayers SpatiallyLoaded:0 Bounds:IsValid=true, Min=(X=0.000 Y=0.000 Z=0.000), Max=(X=0.000 Y=0.000 Z=0.000) RuntimeGrid:None EditorOnly:0 RuntimeOnly:0 HLODRelevant:0
 |   |   |- [+] [ 55]
 |   |   |   |- Guid:E005643848031E58502665B13B3F973C BaseClass: NativeClass:/Script/Engine.StaticMeshActor Name:StaticMeshActor_UAID_0068EBB8488D88D301_1947264959 Label:SM_ChamferCube26 SpatiallyLoaded:1 Bounds:IsValid=true, Min=(X=538.237 Y=2398.251 Z=200.013), Max=(X=654.083 Y=2514.096 Z=300.013) RuntimeGrid:None EditorOnly:0 RuntimeOnly:0 HLODRelevant:0 FolderPath:SimulatedCubes FolderGuid:9AEEADCB4DC6C647D6E7C0B4EDA1744F
 |   |   |- [+] [ 56]
 |   |   |   |- Guid:CE8D82634660FCDB3120E2B8D547C533 BaseClass: NativeClass:/Script/Engine.PostProcessVolume Name:PostProcessVolume_0 Label:PostProcessVolume SpatiallyLoaded:0 Bounds:IsValid=true, Min=(X=0.000 Y=0.000 Z=400.000), Max=(X=200.000 Y=200.000 Z=600.000) RuntimeGrid:None EditorOnly:0 RuntimeOnly:0 HLODRelevant:0 FolderPath:Lighting FolderGuid:0BA5F0A04EADB18E70D5B180D08FA34B
 |   |   |- [+] [ 57]
 |   |   |   |- Guid:67F8816740943E5FF4C249AAE9DD2BF9 BaseClass: NativeClass:/Script/Engine.StaticMeshActor Name:StaticMeshActor_UAID_0068EBB8488D87D301_2104916759 Label:SM_Cube10 SpatiallyLoaded:1 Bounds:IsValid=true, Min=(X=2690.000 Y=350.000 Z=200.000), Max=(X=3390.000 Y=400.000 Z=300.000) RuntimeGrid:None EditorOnly:0 RuntimeOnly:0 HLODRelevant:1
 |   |   |- [+] [ 58]
 |   |   |   |- Guid:8559D1384B14F466E8927697A36C1D78 BaseClass: NativeClass:/Script/Engine.StaticMeshActor Name:StaticMeshActor_9 Label:SM_Cube5 SpatiallyLoaded:1 Bounds:IsValid=true, Min=(X=-0.000 Y=0.000 Z=0.000), Max=(X=100.000 Y=5000.000 Z=400.000) RuntimeGrid:None EditorOnly:0 RuntimeOnly:0 HLODRelevant:1 FolderPath:Playground FolderGuid:6C02BB504B69D1F3D7A624B130C18E5B
 |   |   |- [+] [ 59]
 |   |   |   |- Guid:5ED808DB484EADED8D1902BAF9434FF6 BaseClass: NativeClass:/Script/Engine.StaticMeshActor Name:StaticMeshActor_UAID_0068EBB8488D88D301_1866672955 Label:SM_Cube25 SpatiallyLoaded:1 Bounds:IsValid=true, Min=(X=600.000 Y=3600.000 Z=0.000), Max=(X=800.000 Y=3800.000 Z=200.000) RuntimeGrid:None EditorOnly:0 RuntimeOnly:0 HLODRelevant:1
 |   |   |- [+] [ 60]
 |   |   |   |- Guid:4AE118624F9363B39ECAEB94FFD411A4 BaseClass: NativeClass:/Script/Engine.StaticMeshActor Name:StaticMeshActor_UAID_0068EBB8488D88D301_1679475952 Label:SM_Cube23 SpatiallyLoaded:1 Bounds:IsValid=true, Min=(X=800.000 Y=2500.000 Z=0.000), Max=(X=900.000 Y=3925.000 Z=300.000) RuntimeGrid:None EditorOnly:0 RuntimeOnly:0 HLODRelevant:1
 |   |   |- [+] [ 61]
 |   |   |   |- Guid:D19EA0CF44B92D6DD28E308D32DBCB94 BaseClass: NativeClass:/Script/Engine.StaticMeshActor Name:StaticMeshActor_UAID_0068EBB8488D88D301_1973924963 Label:SM_ChamferCube30 SpatiallyLoaded:1 Bounds:IsValid=true, Min=(X=224.877 Y=2405.175 Z=250.013), Max=(X=361.480 Y=2541.777 Z=350.013) RuntimeGrid:None EditorOnly:0 RuntimeOnly:0 HLODRelevant:0 FolderPath:SimulatedCubes FolderGuid:9AEEADCB4DC6C647D6E7C0B4EDA1744F
 |   |   |- [+] [ 62]
 |   |   |   |- Guid:D44940D943955A5965276FBBEA044017 BaseClass: NativeClass:/Script/Engine.StaticMeshActor Name:StaticMeshActor_20 Label:SM_ChamferCube2 SpatiallyLoaded:1 Bounds:IsValid=true, Min=(X=1136.410 Y=925.948 Z=0.013), Max=(X=1273.012 Y=1062.551 Z=100.013) RuntimeGrid:None EditorOnly:0 RuntimeOnly:0 HLODRelevant:0 FolderPath:SimulatedCubes FolderGuid:9AEEADCB4DC6C647D6E7C0B4EDA1744F
 |- [+] Container: /Game/NewMap
 |   |- [+] ActorDescs:
 |   |   |- Guid:5C824D4746A676935BD53E8CE387A081 BaseClass: NativeClass:/Script/Engine.SkyAtmosphere Name:SkyAtmosphere_UAID_0068EBB8488D89D301_1148802145 Label:SkyAtmosphere SpatiallyLoaded:0 Bounds:IsValid=true, Min=(X=-113.720 Y=28.067 Z=1021.000), Max=(X=-113.720 Y=28.067 Z=1021.000) RuntimeGrid:None EditorOnly:0 RuntimeOnly:0 HLODRelevant:0
 |   |   |- Guid:654FAD1746E52B31F754438588189DD6 BaseClass: NativeClass:/Script/Engine.SkyLight Name:SkyLight_UAID_0068EBB8488D89D301_1148801144 Label:SkyLight SpatiallyLoaded:0 Bounds:IsValid=true, Min=(X=-113.720 Y=28.067 Z=691.000), Max=(X=-113.720 Y=28.067 Z=691.000) RuntimeGrid:None EditorOnly:0 RuntimeOnly:0 HLODRelevant:0
 |   |   |- Guid:B70FDE7844AEEA25570022A70C29E17B BaseClass: NativeClass:/Script/Engine.DirectionalLight Name:DirectionalLight_UAID_0068EBB8488D89D301_1148800143 Label:DirectionalLight SpatiallyLoaded:0 Bounds:IsValid=true, Min=(X=-4398046511104.000 Y=-4398046511104.000 Z=-4398046511104.000), Max=(X=4398046511104.000 Y=4398046511104.000 Z=4398046511104.000) RuntimeGrid:None EditorOnly:0 RuntimeOnly:0 HLODRelevant:0
 |   |   |- Guid:E3BF0BFF4E0B67B6CBA495A6AD280F14 BaseClass: NativeClass:/Script/Engine.VolumetricCloud Name:VolumetricCloud_UAID_0068EBB8488D89D301_1148799142 Label:VolumetricCloud SpatiallyLoaded:0 Bounds:IsValid=true, Min=(X=-113.720 Y=28.067 Z=821.000), Max=(X=-113.720 Y=28.067 Z=821.000) RuntimeGrid:None EditorOnly:0 RuntimeOnly:0 HLODRelevant:0
 |   |- [+] Clusters:
 |   |   |- [+] [  0]
 |   |   |   |- Guid:5C824D4746A676935BD53E8CE387A081 BaseClass: NativeClass:/Script/Engine.SkyAtmosphere Name:SkyAtmosphere_UAID_0068EBB8488D89D301_1148802145 Label:SkyAtmosphere SpatiallyLoaded:0 Bounds:IsValid=true, Min=(X=-113.720 Y=28.067 Z=1021.000), Max=(X=-113.720 Y=28.067 Z=1021.000) RuntimeGrid:None EditorOnly:0 RuntimeOnly:0 HLODRelevant:0
 |   |   |- [+] [  1]
 |   |   |   |- Guid:E3BF0BFF4E0B67B6CBA495A6AD280F14 BaseClass: NativeClass:/Script/Engine.VolumetricCloud Name:VolumetricCloud_UAID_0068EBB8488D89D301_1148799142 Label:VolumetricCloud SpatiallyLoaded:0 Bounds:IsValid=true, Min=(X=-113.720 Y=28.067 Z=821.000), Max=(X=-113.720 Y=28.067 Z=821.000) RuntimeGrid:None EditorOnly:0 RuntimeOnly:0 HLODRelevant:0
 |   |   |- [+] [  2]
 |   |   |   |- Guid:654FAD1746E52B31F754438588189DD6 BaseClass: NativeClass:/Script/Engine.SkyLight Name:SkyLight_UAID_0068EBB8488D89D301_1148801144 Label:SkyLight SpatiallyLoaded:0 Bounds:IsValid=true, Min=(X=-113.720 Y=28.067 Z=691.000), Max=(X=-113.720 Y=28.067 Z=691.000) RuntimeGrid:None EditorOnly:0 RuntimeOnly:0 HLODRelevant:0
 |   |   |- [+] [  3]
 |   |   |   |- Guid:B70FDE7844AEEA25570022A70C29E17B BaseClass: NativeClass:/Script/Engine.DirectionalLight Name:DirectionalLight_UAID_0068EBB8488D89D301_1148800143 Label:DirectionalLight SpatiallyLoaded:0 Bounds:IsValid=true, Min=(X=-4398046511104.000 Y=-4398046511104.000 Z=-4398046511104.000), Max=(X=4398046511104.000 Y=4398046511104.000 Z=4398046511104.000) RuntimeGrid:None EditorOnly:0 RuntimeOnly:0 HLODRelevant:0
 |- ContainerInstances:
 |- [+] MainContainer:
 |   |-        ID: 0x0000000000000000
 |   |-    Bounds: IsValid=false, Min=(X=0.000 Y=0.000 Z=0.000), Max=(X=0.000 Y=0.000 Z=0.000)
 |   |- Transform: 0.000000,0.000000,0.000000|0.000000,0.000000,-0.000000|1.000000,1.000000,1.000000
 |   |- Container: /Game/FirstPerson/Maps/FirstPersonMap
 |- [+] SubContainers:
 |   |- [+] NewMap:
 |   |   |-        ID: 0xca64da00e7bda2e2
 |   |   |-    Bounds: IsValid=false, Min=(X=0.000 Y=0.000 Z=0.000), Max=(X=0.000 Y=0.000 Z=0.000)
 |   |   |- Transform: 113.720354,-28.067485,-1.000000|0.000000,0.000000,-0.000000|1.000000,1.000000,1.000000
 |   |   |- Container: /Game/NewMap
----------------------------------------------------------------------------------------------------------------
FirstPersonMap - Persistent Level
----------------------------------------------------------------------------------------------------------------
Always loaded Actor Count: 71 

----------------------------------------------------------------------------------------------------------------
FirstPersonMap - Runtime Spatial Hash - Streaming Grid - MainGrid
----------------------------------------------------------------------------------------------------------------
            Origin: X=0.000 Y=0.000 Z=0.000
         Cell Size: 12800
      World Bounds: IsValid=false, Min=(X=0.000 Y=0.000 Z=0.000), Max=(X=0.000 Y=0.000 Z=0.000)
     Loading Range: 25600.00
Block Slow Loading: No
 ClientOnlyVisible: No

[+] Grid Levels: 1
 |- Level  0: Cell Count    1 | Cell Size   12800 | Actor Count    4 (100.0%)

[+] Content of Grid Level 0
 |- [+] Content of Cell MainGrid_L0_X0_Y0
 |   |- Actor Count: 4
 |   |- Actor Path: /Game/NewMap.NewMap:PersistentLevel.SkyAtmosphere_UAID_0068EBB8488D89D301_1148802145
 |   |- Actor Package: /Game/__ExternalActors__/NewMap/0/5O/7FLYR2C5R32OFU9IRIUENC
 |   |- Actor Path: /Game/NewMap.NewMap:PersistentLevel.VolumetricCloud_UAID_0068EBB8488D89D301_1148799142
 |   |- Actor Package: /Game/__ExternalActors__/NewMap/6/CF/O5UK81G30D3QJKZ9IDSM36
 |   |- Actor Path: /Game/NewMap.NewMap:PersistentLevel.SkyLight_UAID_0068EBB8488D89D301_1148801144
 |   |- Actor Package: /Game/__ExternalActors__/NewMap/D/1Y/SQ9J9QJRKLO6WNZTY2AJIC
 |   |- Actor Path: /Game/NewMap.NewMap:PersistentLevel.DirectionalLight_UAID_0068EBB8488D89D301_1148800143
 |   |- Actor Package: /Game/__ExternalActors__/NewMap/D/A7/JU3TQAXQZOPOHBF7QF0LHD

